==74039== Memcheck, a memory error detector
==74039== Copyright (C) 2002-2017, and GNU GPL'd, by Julian Seward et al.
==74039== Using Valgrind-3.18.1 and LibVEX; rerun with -h for copyright info
==74039== Command: ./ircserv 6667 mdp
==74039== Parent PID: 4445
==74039== 
==74039== 
==74039== FILE DESCRIPTORS: 4 open (3 std) at exit.
==74039== Open file descriptor 3: /nfs/homes/lboiteux/Desktop/ft_irc/lboiteux/valgrind.log
==74039==    <inherited from parent>
==74039== 
==74039== 
==74039== HEAP SUMMARY:
==74039==     in use at exit: 0 bytes in 0 blocks
==74039==   total heap usage: 6 allocs, 6 frees, 73,848 bytes allocated
==74039== 
==74039== All heap blocks were freed -- no leaks are possible
==74039== 
==74039== For lists of detected and suppressed errors, rerun with: -s
==74039== ERROR SUMMARY: 0 errors from 0 contexts (suppressed: 0 from 0)
